<?xml version="1.0" encoding="UTF-8"?>
<testsuite name="shoppingCart.FilterProductsByNameTests" tests="4" skipped="0" failures="0" errors="0" timestamp="2025-02-13T21:27:17" hostname="Mac" time="0.005">
  <properties/>
  <testcase name="1) Exact match on name should return correct IDs" classname="shoppingCart.FilterProductsByNameTests" time="0.003"/>
  <testcase name="2) Partial substring match is case-insensitive" classname="shoppingCart.FilterProductsByNameTests" time="0.001"/>
  <testcase name="3) No match returns an empty list" classname="shoppingCart.FilterProductsByNameTests" time="0.0"/>
  <testcase name="4) Multiple items can match a keyword" classname="shoppingCart.FilterProductsByNameTests" time="0.001"/>
  <system-out><![CDATA[]]></system-out>
  <system-err><![CDATA[]]></system-err>
</testsuite>
