<?xml version="1.0" encoding="UTF-8"?>
<testsuite name="shoppingCart.CalculateTotalTests" tests="3" skipped="0" failures="0" errors="0" timestamp="2025-02-13T17:13:28" hostname="LAPTOP-HRASLPIP" time="0.007">
  <properties/>
  <testcase name="1) Total is 0.0 if cart is empty" classname="shoppingCart.CalculateTotalTests" time="0.001"/>
  <testcase name="2) Single item in cart calculates correctly" classname="shoppingCart.CalculateTotalTests" time="0.002"/>
  <testcase name="3) Multiple items in cart adds up correctly" classname="shoppingCart.CalculateTotalTests" time="0.001"/>
  <system-out><![CDATA[]]></system-out>
  <system-err><![CDATA[]]></system-err>
</testsuite>
