<?xml version="1.0" encoding="UTF-8"?>
<testsuite name="shoppingCart.CalculateTotalTests" tests="3" skipped="0" failures="0" errors="0" timestamp="2025-02-19T09:55:34" hostname="MacBook-Pro.local" time="0.031">
  <properties/>
  <testcase name="1) Total is 0.0 if cart is empty" classname="shoppingCart.CalculateTotalTests" time="0.006"/>
  <testcase name="2) Single item in cart calculates correctly" classname="shoppingCart.CalculateTotalTests" time="0.01"/>
  <testcase name="3) Multiple items in cart adds up correctly" classname="shoppingCart.CalculateTotalTests" time="0.009"/>
  <system-out><![CDATA[Final total cost: 0.0
Stock of product ID 1 updated to 7
Product ID 1 quantity in cart updated to 3.
Successfully added product ID 1 to cart!
Final total cost: 1050.0
Stock of product ID 1 updated to 8
Product ID 1 quantity in cart updated to 2.
Successfully added product ID 1 to cart!
Stock of product ID 2 updated to 4
Product ID 2 quantity in cart updated to 1.
Successfully added product ID 2 to cart!
Final total cost: 900.0
]]></system-out>
  <system-err><![CDATA[]]></system-err>
</testsuite>
